2021-11-27 17:21:35 INFO  .:69 - The execution of method loadFiles started here ...
2021-11-27 17:21:35 INFO  .:84 - The execution of method loadFiles ended here ...
2021-11-27 17:21:38 INFO  .:86 - The execution of method navigate started here ...
2021-11-27 17:21:43 INFO  .:98 - The execution of method navigate ended here ...
2021-11-27 17:21:43 INFO  .:166 - In Test Scenario Login the method navigate execution status is :Pass
2021-11-27 17:21:44 INFO  .:32 - The execution of method login started here ...
2021-11-27 17:21:49 INFO  .:50 - The execution of method login ended here ...
2021-11-27 17:21:49 INFO  .:166 - In Test Scenario Login the method login execution status is :Pass
2021-11-27 17:21:51 INFO  .:166 - In Test Scenario Login the method minimizeFlyOutWindow execution status is :Pass
2021-11-27 17:21:51 INFO  .:76 - The execution of method logout started here ...
2021-11-27 17:21:55 INFO  .:88 - The execution of method logout ended here ...
2021-11-27 17:21:55 INFO  .:166 - In Test Scenario Login the method logout execution status is :Pass
2021-11-27 17:21:56 INFO  .:121 - The execution of method closeApplication started here ...
2021-11-27 17:21:56 INFO  .:124 - The execution of method closeApplication ended here ...
2021-11-27 17:21:56 INFO  .:166 - In Test Scenario Login the method closeApplication execution status is :Pass
2021-11-27 17:21:56 INFO  .:180 - +++++++++++++++++++++++++++++++
2021-11-27 17:21:57 INFO  .:86 - The execution of method navigate started here ...
2021-11-27 17:22:04 INFO  .:98 - The execution of method navigate ended here ...
2021-11-27 17:22:04 INFO  .:166 - In Test Scenario CreateUser the method navigate execution status is :Pass
2021-11-27 17:22:04 INFO  .:32 - The execution of method login started here ...
2021-11-27 17:22:09 INFO  .:50 - The execution of method login ended here ...
2021-11-27 17:22:09 INFO  .:166 - In Test Scenario CreateUser the method login execution status is :Pass
2021-11-27 17:22:11 INFO  .:166 - In Test Scenario CreateUser the method minimizeFlyOutWindow execution status is :Pass
2021-11-27 17:22:11 INFO  .:32 - The execution of method createUser started here ...
2021-11-27 17:22:22 INFO  .:60 - The execution of method createUser ended here ...
2021-11-27 17:22:22 INFO  .:166 - In Test Scenario CreateUser the method createUser execution status is :Pass
2021-11-27 17:22:23 INFO  .:131 - The execution of method deleteUser started here ...
2021-11-27 17:22:32 INFO  .:147 - The execution of method deleteUser ended here ...
2021-11-27 17:22:32 INFO  .:166 - In Test Scenario CreateUser the method deleteUser execution status is :Pass
2021-11-27 17:22:32 INFO  .:76 - The execution of method logout started here ...
2021-11-27 17:22:36 INFO  .:88 - The execution of method logout ended here ...
2021-11-27 17:22:36 INFO  .:166 - In Test Scenario CreateUser the method logout execution status is :Pass
2021-11-27 17:22:36 INFO  .:121 - The execution of method closeApplication started here ...
2021-11-27 17:22:36 INFO  .:124 - The execution of method closeApplication ended here ...
2021-11-27 17:22:36 INFO  .:166 - In Test Scenario CreateUser the method closeApplication execution status is :Pass
2021-11-27 17:22:36 INFO  .:180 - +++++++++++++++++++++++++++++++
2021-11-27 17:22:37 INFO  .:86 - The execution of method navigate started here ...
2021-11-27 17:22:43 INFO  .:98 - The execution of method navigate ended here ...
2021-11-27 17:22:43 INFO  .:166 - In Test Scenario ModifyUser the method navigate execution status is :Pass
2021-11-27 17:22:43 INFO  .:32 - The execution of method login started here ...
2021-11-27 17:22:49 INFO  .:50 - The execution of method login ended here ...
2021-11-27 17:22:49 INFO  .:166 - In Test Scenario ModifyUser the method login execution status is :Pass
2021-11-27 17:22:51 INFO  .:166 - In Test Scenario ModifyUser the method minimizeFlyOutWindow execution status is :Pass
2021-11-27 17:22:51 INFO  .:32 - The execution of method createUser started here ...
2021-11-27 17:23:01 INFO  .:60 - The execution of method createUser ended here ...
2021-11-27 17:23:01 INFO  .:166 - In Test Scenario ModifyUser the method createUser execution status is :Pass
2021-11-27 17:23:01 INFO  .:86 - The execution of method modifyUser started here ...
2021-11-27 17:23:11 INFO  .:106 - The execution of method modifyUser ended here ...
2021-11-27 17:23:11 INFO  .:166 - In Test Scenario ModifyUser the method modifyUser execution status is :Fail
2021-11-27 17:23:11 INFO  .:131 - The execution of method deleteUser started here ...
2021-11-27 17:23:20 INFO  .:147 - The execution of method deleteUser ended here ...
2021-11-27 17:23:20 INFO  .:166 - In Test Scenario ModifyUser the method deleteUser execution status is :Pass
2021-11-27 17:23:21 INFO  .:76 - The execution of method logout started here ...
2021-11-27 17:23:25 INFO  .:88 - The execution of method logout ended here ...
2021-11-27 17:23:25 INFO  .:166 - In Test Scenario ModifyUser the method logout execution status is :Pass
2021-11-27 17:23:25 INFO  .:121 - The execution of method closeApplication started here ...
2021-11-27 17:23:25 INFO  .:124 - The execution of method closeApplication ended here ...
2021-11-27 17:23:25 INFO  .:166 - In Test Scenario ModifyUser the method closeApplication execution status is :Pass
2021-11-27 17:23:25 INFO  .:180 - +++++++++++++++++++++++++++++++
2021-11-27 17:23:25 INFO  .:180 - +++++++++++++++++++++++++++++++
2021-11-27 17:23:25 INFO  .:180 - +++++++++++++++++++++++++++++++
2021-11-27 17:23:25 INFO  .:180 - +++++++++++++++++++++++++++++++
2021-11-27 17:23:25 INFO  .:180 - +++++++++++++++++++++++++++++++
2021-11-27 17:23:25 INFO  .:183 - The execution of method executeTestScenarios ended here ...
2021-11-27 17:23:25 INFO  .:205 - The execution of method endAutomationSuite ended here ...
2021-11-27 17:23:25 INFO  .:208 - The execution of method endAutomationSuite ended here ...
2021-11-27 22:16:00 INFO  .:68 - The execution of method loadFiles started here ...
2021-11-27 22:16:00 INFO  .:83 - The execution of method loadFiles ended here ...
2021-11-27 22:16:08 INFO  .:86 - The execution of method navigate started here ...
2021-11-27 22:16:17 INFO  .:98 - The execution of method navigate ended here ...
2021-11-27 22:16:17 INFO  .:165 - In Test Scenario Login the method navigate execution status is :Pass
2021-11-27 22:16:17 INFO  .:32 - The execution of method login started here ...
2021-11-27 22:16:23 INFO  .:50 - The execution of method login ended here ...
2021-11-27 22:16:23 INFO  .:165 - In Test Scenario Login the method login execution status is :Pass
2021-11-27 22:16:25 INFO  .:165 - In Test Scenario Login the method minimizeFlyOutWindow execution status is :Pass
2021-11-27 22:16:25 INFO  .:76 - The execution of method logout started here ...
2021-11-27 22:16:30 INFO  .:88 - The execution of method logout ended here ...
2021-11-27 22:16:30 INFO  .:165 - In Test Scenario Login the method logout execution status is :Pass
2021-11-27 22:16:30 INFO  .:121 - The execution of method closeApplication started here ...
2021-11-27 22:16:30 INFO  .:124 - The execution of method closeApplication ended here ...
2021-11-27 22:16:30 INFO  .:165 - In Test Scenario Login the method closeApplication execution status is :Pass
2021-11-27 22:16:30 INFO  .:179 - +++++++++++++++++++++++++++++++
2021-11-27 22:16:32 INFO  .:86 - The execution of method navigate started here ...
2021-11-27 22:16:39 INFO  .:98 - The execution of method navigate ended here ...
2021-11-27 22:16:39 INFO  .:165 - In Test Scenario CreateUser the method navigate execution status is :Pass
2021-11-27 22:16:39 INFO  .:32 - The execution of method login started here ...
2021-11-27 22:16:44 INFO  .:50 - The execution of method login ended here ...
2021-11-27 22:16:44 INFO  .:165 - In Test Scenario CreateUser the method login execution status is :Pass
2021-11-27 22:16:46 INFO  .:165 - In Test Scenario CreateUser the method minimizeFlyOutWindow execution status is :Pass
2021-11-27 22:16:47 INFO  .:32 - The execution of method createUser started here ...
2021-11-27 22:16:58 INFO  .:60 - The execution of method createUser ended here ...
2021-11-27 22:16:58 INFO  .:165 - In Test Scenario CreateUser the method createUser execution status is :Pass
2021-11-27 22:16:58 INFO  .:131 - The execution of method deleteUser started here ...
2021-11-27 22:17:07 INFO  .:147 - The execution of method deleteUser ended here ...
2021-11-27 22:17:07 INFO  .:165 - In Test Scenario CreateUser the method deleteUser execution status is :Pass
2021-11-27 22:17:08 INFO  .:76 - The execution of method logout started here ...
2021-11-27 22:17:12 INFO  .:88 - The execution of method logout ended here ...
2021-11-27 22:17:12 INFO  .:165 - In Test Scenario CreateUser the method logout execution status is :Pass
2021-11-27 22:17:12 INFO  .:121 - The execution of method closeApplication started here ...
2021-11-27 22:17:13 INFO  .:124 - The execution of method closeApplication ended here ...
2021-11-27 22:17:13 INFO  .:165 - In Test Scenario CreateUser the method closeApplication execution status is :Pass
2021-11-27 22:17:13 INFO  .:179 - +++++++++++++++++++++++++++++++
2021-11-27 22:17:14 INFO  .:86 - The execution of method navigate started here ...
2021-11-27 22:17:21 INFO  .:98 - The execution of method navigate ended here ...
2021-11-27 22:17:21 INFO  .:165 - In Test Scenario ModifyUser the method navigate execution status is :Pass
2021-11-27 22:17:21 INFO  .:32 - The execution of method login started here ...
2021-11-27 22:17:26 INFO  .:50 - The execution of method login ended here ...
2021-11-27 22:17:26 INFO  .:165 - In Test Scenario ModifyUser the method login execution status is :Pass
2021-11-27 22:17:29 INFO  .:165 - In Test Scenario ModifyUser the method minimizeFlyOutWindow execution status is :Pass
2021-11-27 22:17:29 INFO  .:32 - The execution of method createUser started here ...
2021-11-27 22:17:40 INFO  .:60 - The execution of method createUser ended here ...
2021-11-27 22:17:40 INFO  .:165 - In Test Scenario ModifyUser the method createUser execution status is :Pass
2021-11-27 22:17:40 INFO  .:86 - The execution of method modifyUser started here ...
2021-11-27 22:17:49 INFO  .:106 - The execution of method modifyUser ended here ...
2021-11-27 22:17:49 INFO  .:165 - In Test Scenario ModifyUser the method modifyUser execution status is :Fail
2021-11-27 22:17:50 INFO  .:131 - The execution of method deleteUser started here ...
2021-11-27 22:17:59 INFO  .:147 - The execution of method deleteUser ended here ...
2021-11-27 22:17:59 INFO  .:165 - In Test Scenario ModifyUser the method deleteUser execution status is :Pass
2021-11-27 22:17:59 INFO  .:76 - The execution of method logout started here ...
2021-11-27 22:18:03 INFO  .:88 - The execution of method logout ended here ...
2021-11-27 22:18:03 INFO  .:165 - In Test Scenario ModifyUser the method logout execution status is :Pass
2021-11-27 22:18:03 INFO  .:121 - The execution of method closeApplication started here ...
2021-11-27 22:18:04 INFO  .:124 - The execution of method closeApplication ended here ...
2021-11-27 22:18:04 INFO  .:165 - In Test Scenario ModifyUser the method closeApplication execution status is :Pass
2021-11-27 22:18:04 INFO  .:179 - +++++++++++++++++++++++++++++++
2021-11-27 22:18:04 INFO  .:179 - +++++++++++++++++++++++++++++++
2021-11-27 22:18:04 INFO  .:179 - +++++++++++++++++++++++++++++++
2021-11-27 22:18:04 INFO  .:179 - +++++++++++++++++++++++++++++++
2021-11-27 22:18:04 INFO  .:179 - +++++++++++++++++++++++++++++++
2021-11-27 22:18:04 INFO  .:182 - The execution of method executeTestScenarios ended here ...
2021-11-27 22:18:04 INFO  .:204 - The execution of method endAutomationSuite ended here ...
2021-11-27 22:18:04 INFO  .:207 - The execution of method endAutomationSuite ended here ...
2021-11-27 22:20:15 INFO  .:68 - The execution of method loadFiles started here ...
2021-11-27 22:20:15 INFO  .:83 - The execution of method loadFiles ended here ...
2021-11-27 22:20:19 INFO  .:86 - The execution of method navigate started here ...
2021-11-27 22:20:26 INFO  .:98 - The execution of method navigate ended here ...
2021-11-27 22:20:26 INFO  .:166 - In Test Scenario Login the method navigate execution status is :Pass
2021-11-27 22:20:26 INFO  .:32 - The execution of method login started here ...
2021-11-27 22:20:32 INFO  .:50 - The execution of method login ended here ...
2021-11-27 22:20:32 INFO  .:166 - In Test Scenario Login the method login execution status is :Pass
2021-11-27 22:20:34 INFO  .:166 - In Test Scenario Login the method minimizeFlyOutWindow execution status is :Pass
2021-11-27 22:20:34 INFO  .:76 - The execution of method logout started here ...
2021-11-27 22:20:39 INFO  .:88 - The execution of method logout ended here ...
2021-11-27 22:20:39 INFO  .:166 - In Test Scenario Login the method logout execution status is :Pass
2021-11-27 22:20:39 INFO  .:121 - The execution of method closeApplication started here ...
2021-11-27 22:20:39 INFO  .:124 - The execution of method closeApplication ended here ...
2021-11-27 22:20:39 INFO  .:166 - In Test Scenario Login the method closeApplication execution status is :Pass
2021-11-27 22:20:39 INFO  .:180 - +++++++++++++++++++++++++++++++
2021-11-27 22:20:41 INFO  .:86 - The execution of method navigate started here ...
2021-11-27 22:20:48 INFO  .:98 - The execution of method navigate ended here ...
2021-11-27 22:20:48 INFO  .:166 - In Test Scenario CreateUser the method navigate execution status is :Pass
2021-11-27 22:20:48 INFO  .:32 - The execution of method login started here ...
2021-11-27 22:20:53 INFO  .:50 - The execution of method login ended here ...
2021-11-27 22:20:53 INFO  .:166 - In Test Scenario CreateUser the method login execution status is :Pass
2021-11-27 22:20:55 INFO  .:166 - In Test Scenario CreateUser the method minimizeFlyOutWindow execution status is :Pass
2021-11-27 22:20:56 INFO  .:32 - The execution of method createUser started here ...
2021-11-27 22:21:06 INFO  .:60 - The execution of method createUser ended here ...
2021-11-27 22:21:06 INFO  .:166 - In Test Scenario CreateUser the method createUser execution status is :Pass
2021-11-27 22:21:07 INFO  .:131 - The execution of method deleteUser started here ...
2021-11-27 22:21:16 INFO  .:147 - The execution of method deleteUser ended here ...
2021-11-27 22:21:16 INFO  .:166 - In Test Scenario CreateUser the method deleteUser execution status is :Pass
2021-11-27 22:21:16 INFO  .:76 - The execution of method logout started here ...
2021-11-27 22:21:20 INFO  .:88 - The execution of method logout ended here ...
2021-11-27 22:21:20 INFO  .:166 - In Test Scenario CreateUser the method logout execution status is :Pass
2021-11-27 22:21:20 INFO  .:121 - The execution of method closeApplication started here ...
2021-11-27 22:21:21 INFO  .:124 - The execution of method closeApplication ended here ...
2021-11-27 22:21:21 INFO  .:166 - In Test Scenario CreateUser the method closeApplication execution status is :Pass
2021-11-27 22:21:21 INFO  .:180 - +++++++++++++++++++++++++++++++
2021-11-27 22:21:22 INFO  .:86 - The execution of method navigate started here ...
2021-11-27 22:21:29 INFO  .:98 - The execution of method navigate ended here ...
2021-11-27 22:21:29 INFO  .:166 - In Test Scenario ModifyUser the method navigate execution status is :Pass
2021-11-27 22:21:29 INFO  .:32 - The execution of method login started here ...
2021-11-27 22:21:35 INFO  .:50 - The execution of method login ended here ...
2021-11-27 22:21:35 INFO  .:166 - In Test Scenario ModifyUser the method login execution status is :Pass
2021-11-27 22:21:37 INFO  .:166 - In Test Scenario ModifyUser the method minimizeFlyOutWindow execution status is :Pass
2021-11-27 22:21:37 INFO  .:32 - The execution of method createUser started here ...
2021-11-27 22:21:48 INFO  .:60 - The execution of method createUser ended here ...
2021-11-27 22:21:48 INFO  .:166 - In Test Scenario ModifyUser the method createUser execution status is :Pass
2021-11-27 22:21:48 INFO  .:86 - The execution of method modifyUser started here ...
2021-11-27 22:21:57 INFO  .:106 - The execution of method modifyUser ended here ...
2021-11-27 22:21:58 INFO  .:166 - In Test Scenario ModifyUser the method modifyUser execution status is :Fail
2021-11-27 22:21:58 INFO  .:131 - The execution of method deleteUser started here ...
2021-11-27 22:22:07 INFO  .:147 - The execution of method deleteUser ended here ...
2021-11-27 22:22:07 INFO  .:166 - In Test Scenario ModifyUser the method deleteUser execution status is :Pass
2021-11-27 22:22:07 INFO  .:76 - The execution of method logout started here ...
2021-11-27 22:22:11 INFO  .:88 - The execution of method logout ended here ...
2021-11-27 22:22:11 INFO  .:166 - In Test Scenario ModifyUser the method logout execution status is :Pass
2021-11-27 22:22:11 INFO  .:121 - The execution of method closeApplication started here ...
2021-11-27 22:22:12 INFO  .:124 - The execution of method closeApplication ended here ...
2021-11-27 22:22:12 INFO  .:166 - In Test Scenario ModifyUser the method closeApplication execution status is :Pass
2021-11-27 22:22:12 INFO  .:180 - +++++++++++++++++++++++++++++++
2021-11-27 22:22:12 INFO  .:180 - +++++++++++++++++++++++++++++++
2021-11-27 22:22:12 INFO  .:180 - +++++++++++++++++++++++++++++++
2021-11-27 22:22:12 INFO  .:180 - +++++++++++++++++++++++++++++++
2021-11-27 22:22:12 INFO  .:180 - +++++++++++++++++++++++++++++++
2021-11-27 22:22:12 INFO  .:183 - The execution of method executeTestScenarios ended here ...
2021-11-27 22:22:12 INFO  .:205 - The execution of method endAutomationSuite ended here ...
2021-11-27 22:22:12 INFO  .:208 - The execution of method endAutomationSuite ended here ...
2021-11-27 22:33:35 INFO  .:68 - The execution of method loadFiles started here ...
2021-11-27 22:33:35 INFO  .:83 - The execution of method loadFiles ended here ...
2021-11-27 22:33:40 INFO  .:86 - The execution of method navigate started here ...
2021-11-27 22:33:46 INFO  .:98 - The execution of method navigate ended here ...
2021-11-27 22:33:46 INFO  .:166 - In Test Scenario Login the method navigate execution status is :Pass
2021-11-27 22:33:47 INFO  .:32 - The execution of method login started here ...
2021-11-27 22:33:52 INFO  .:50 - The execution of method login ended here ...
2021-11-27 22:33:52 INFO  .:166 - In Test Scenario Login the method login execution status is :Pass
2021-11-27 22:33:54 INFO  .:166 - In Test Scenario Login the method minimizeFlyOutWindow execution status is :Pass
2021-11-27 22:33:54 INFO  .:76 - The execution of method logout started here ...
2021-11-27 22:33:59 INFO  .:88 - The execution of method logout ended here ...
2021-11-27 22:33:59 INFO  .:166 - In Test Scenario Login the method logout execution status is :Pass
2021-11-27 22:33:59 INFO  .:121 - The execution of method closeApplication started here ...
2021-11-27 22:34:00 INFO  .:124 - The execution of method closeApplication ended here ...
2021-11-27 22:34:00 INFO  .:166 - In Test Scenario Login the method closeApplication execution status is :Pass
2021-11-27 22:34:00 INFO  .:180 - +++++++++++++++++++++++++++++++
2021-11-27 22:34:02 INFO  .:86 - The execution of method navigate started here ...
2021-11-27 22:34:08 INFO  .:98 - The execution of method navigate ended here ...
2021-11-27 22:34:08 INFO  .:166 - In Test Scenario CreateUser the method navigate execution status is :Pass
2021-11-27 22:34:08 INFO  .:32 - The execution of method login started here ...
2021-11-27 22:34:14 INFO  .:50 - The execution of method login ended here ...
2021-11-27 22:34:14 INFO  .:166 - In Test Scenario CreateUser the method login execution status is :Pass
2021-11-27 22:34:16 INFO  .:166 - In Test Scenario CreateUser the method minimizeFlyOutWindow execution status is :Pass
2021-11-27 22:34:16 INFO  .:32 - The execution of method createUser started here ...
2021-11-27 22:34:27 INFO  .:60 - The execution of method createUser ended here ...
2021-11-27 22:34:27 INFO  .:166 - In Test Scenario CreateUser the method createUser execution status is :Pass
2021-11-27 22:34:27 INFO  .:131 - The execution of method deleteUser started here ...
2021-11-27 22:34:37 INFO  .:147 - The execution of method deleteUser ended here ...
2021-11-27 22:34:37 INFO  .:166 - In Test Scenario CreateUser the method deleteUser execution status is :Pass
2021-11-27 22:34:37 INFO  .:76 - The execution of method logout started here ...
2021-11-27 22:34:41 INFO  .:88 - The execution of method logout ended here ...
2021-11-27 22:34:41 INFO  .:166 - In Test Scenario CreateUser the method logout execution status is :Pass
2021-11-27 22:34:41 INFO  .:121 - The execution of method closeApplication started here ...
2021-11-27 22:34:42 INFO  .:124 - The execution of method closeApplication ended here ...
2021-11-27 22:34:42 INFO  .:166 - In Test Scenario CreateUser the method closeApplication execution status is :Pass
2021-11-27 22:34:42 INFO  .:180 - +++++++++++++++++++++++++++++++
2021-11-27 22:34:44 INFO  .:86 - The execution of method navigate started here ...
2021-11-27 22:34:50 INFO  .:98 - The execution of method navigate ended here ...
2021-11-27 22:34:50 INFO  .:166 - In Test Scenario ModifyUser the method navigate execution status is :Pass
2021-11-27 22:34:51 INFO  .:32 - The execution of method login started here ...
2021-11-27 22:34:56 INFO  .:50 - The execution of method login ended here ...
2021-11-27 22:34:56 INFO  .:166 - In Test Scenario ModifyUser the method login execution status is :Pass
2021-11-27 22:34:58 INFO  .:166 - In Test Scenario ModifyUser the method minimizeFlyOutWindow execution status is :Pass
2021-11-27 22:34:58 INFO  .:32 - The execution of method createUser started here ...
2021-11-27 22:35:09 INFO  .:60 - The execution of method createUser ended here ...
2021-11-27 22:35:09 INFO  .:166 - In Test Scenario ModifyUser the method createUser execution status is :Pass
2021-11-27 22:35:10 INFO  .:86 - The execution of method modifyUser started here ...
2021-11-27 22:35:19 INFO  .:106 - The execution of method modifyUser ended here ...
2021-11-27 22:35:19 INFO  .:166 - In Test Scenario ModifyUser the method modifyUser execution status is :Fail
2021-11-27 22:35:19 INFO  .:131 - The execution of method deleteUser started here ...
2021-11-27 22:35:29 INFO  .:147 - The execution of method deleteUser ended here ...
2021-11-27 22:35:29 INFO  .:166 - In Test Scenario ModifyUser the method deleteUser execution status is :Pass
2021-11-27 22:35:29 INFO  .:76 - The execution of method logout started here ...
2021-11-27 22:35:33 INFO  .:88 - The execution of method logout ended here ...
2021-11-27 22:35:33 INFO  .:166 - In Test Scenario ModifyUser the method logout execution status is :Pass
2021-11-27 22:35:33 INFO  .:121 - The execution of method closeApplication started here ...
2021-11-27 22:35:34 INFO  .:124 - The execution of method closeApplication ended here ...
2021-11-27 22:35:34 INFO  .:166 - In Test Scenario ModifyUser the method closeApplication execution status is :Pass
2021-11-27 22:35:34 INFO  .:180 - +++++++++++++++++++++++++++++++
2021-11-27 22:35:34 INFO  .:180 - +++++++++++++++++++++++++++++++
2021-11-27 22:35:34 INFO  .:180 - +++++++++++++++++++++++++++++++
2021-11-27 22:35:34 INFO  .:180 - +++++++++++++++++++++++++++++++
2021-11-27 22:35:34 INFO  .:180 - +++++++++++++++++++++++++++++++
2021-11-27 22:35:34 INFO  .:183 - The execution of method executeTestScenarios ended here ...
2021-11-27 22:35:34 INFO  .:205 - The execution of method endAutomationSuite ended here ...
2021-11-27 22:35:34 INFO  .:208 - The execution of method endAutomationSuite ended here ...
